samples/15-puzzle/build/intermediates/manifest_merge_blame_file/debug/manifest-merger-blame-debug-report.txt
1<?xml version="1.0" encoding="utf-8"?>
2<manifest xmlns:android="http://schemas.android.com/apk/res/android"
3    package="org.opencv.samples.puzzle15"
4    android:versionCode="301"
5    android:versionName="3.01" >
6
7    <uses-sdk
8        android:minSdkVersion="21"
8-->samples/15-puzzle/AndroidManifest.xml
9        android:targetSdkVersion="26" />
9-->samples/15-puzzle/AndroidManifest.xml
10
11    <uses-permission android:name="android.permission.CAMERA" />
11-->samples/15-puzzle/AndroidManifest.xml:24:5-64
11-->samples/15-puzzle/AndroidManifest.xml:24:22-62
12
13    <uses-feature
13-->samples/15-puzzle/AndroidManifest.xml:26:5-84
14        android:name="android.hardware.camera"
14-->samples/15-puzzle/AndroidManifest.xml:26:19-57
15        android:required="false" />
15-->samples/15-puzzle/AndroidManifest.xml:26:58-82
16    <uses-feature
16-->samples/15-puzzle/AndroidManifest.xml:27:5-94
17        android:name="android.hardware.camera.autofocus"
17-->samples/15-puzzle/AndroidManifest.xml:27:19-67
18        android:required="false" />
18-->samples/15-puzzle/AndroidManifest.xml:27:68-92
19    <uses-feature
19-->samples/15-puzzle/AndroidManifest.xml:28:5-90
20        android:name="android.hardware.camera.front"
20-->samples/15-puzzle/AndroidManifest.xml:28:19-63
21        android:required="false" />
21-->samples/15-puzzle/AndroidManifest.xml:28:64-88
22    <uses-feature
22-->samples/15-puzzle/AndroidManifest.xml:29:5-100
23        android:name="android.hardware.camera.front.autofocus"
23-->samples/15-puzzle/AndroidManifest.xml:29:19-73
24        android:required="false" />
24-->samples/15-puzzle/AndroidManifest.xml:29:74-98
25
26    <application
26-->samples/15-puzzle/AndroidManifest.xml:6:5-22:19
27        android:debuggable="true"
28        android:icon="@drawable/icon"
28-->samples/15-puzzle/AndroidManifest.xml:7:9-38
29        android:label="@string/app_name"
29-->samples/15-puzzle/AndroidManifest.xml:8:9-41
30        android:testOnly="true" >
31        <activity
31-->samples/15-puzzle/AndroidManifest.xml:10:9-21:20
32            android:name="org.opencv.samples.puzzle15.Puzzle15Activity"
32-->samples/15-puzzle/AndroidManifest.xml:11:13-45
33            android:configChanges="keyboardHidden|orientation"
33-->samples/15-puzzle/AndroidManifest.xml:14:13-63
34            android:label="@string/app_name"
34-->samples/15-puzzle/AndroidManifest.xml:12:13-45
35            android:screenOrientation="landscape" >
35-->samples/15-puzzle/AndroidManifest.xml:13:13-50
36            <intent-filter>
36-->samples/15-puzzle/AndroidManifest.xml:16:13-20:29
37                <action android:name="android.intent.action.MAIN" />
37-->samples/15-puzzle/AndroidManifest.xml:17:17-69
37-->samples/15-puzzle/AndroidManifest.xml:17:25-66
38
39                <category android:name="android.intent.category.LAUNCHER" />
39-->samples/15-puzzle/AndroidManifest.xml:19:17-77
39-->samples/15-puzzle/AndroidManifest.xml:19:27-74
40            </intent-filter>
41        </activity>
42    </application>
43
44</manifest>